<?xml version="1.0" encoding="UTF-8"?>
<!-- Generated by org.testng.reporters.JUnitXMLReporter -->
<testsuite ignored="0" hostname="Rahul-Sony" failures="0" tests="4" name="Default test" time="70.094" errors="0" timestamp="2023-07-17T16:28:29 IST">
  <testcase classname="rahulsony.tests.SubmitTest" name="SubmitOrder" time="10.181"/>
  <testcase classname="rahulsony.tests.SubmitTest" name="SubmitOrder" time="9.754"/>
  <testcase classname="rahulsony.tests.SubmitTest" name="orderHistory" time="6.981"/>
  <testcase classname="rahulsony.tests.SubmitTest" name="orderHistory" time="7.087"/>
</testsuite> <!-- Default test -->
