<?xml version="1.0" encoding="UTF-8"?>
<!-- Generated by org.testng.reporters.JUnitXMLReporter -->
<testsuite ignored="1" hostname="Rahul-Sony" failures="0" tests="1" name="Error Validation Test" time="8.143" errors="0" timestamp="2022-12-25T12:59:04 IST">
  <testcase classname="rahulsony.tests.ErrorValidationTest" name="LoginErrorValidation" time="0.783"/>
  <testcase classname="rahulsony.tests.ErrorValidationTest" name="ProductErrorValidation" time="0.0">
    <ignored/>
  </testcase> <!-- ProductErrorValidation -->
</testsuite> <!-- Error Validation Test -->
