<?xml version="1.0" encoding="UTF-8"?>
<!-- Generated by org.testng.reporters.JUnitXMLReporter -->
<testsuite ignored="2" hostname="Rahul-Sony" failures="0" tests="0" time="0.028" errors="0" timestamp="2022-12-25T12:58:56 IST">
  <testcase classname="rahulsony.tests.SubmitTest" name="orderHistory" time="0.0">
    <ignored/>
  </testcase> <!-- orderHistory -->
  <testcase classname="rahulsony.tests.SubmitTest" name="SubmitOrder" time="0.0">
    <ignored/>
  </testcase> <!-- SubmitOrder -->
</testsuite>
