<?xml version="1.0" encoding="UTF-8"?>
<!-- Generated by org.testng.reporters.JUnitXMLReporter -->
<testsuite ignored="0" hostname="Rahul-Sony" failures="0" tests="8" name="Test" time="90.455" errors="0" timestamp="2022-12-25T12:47:46 IST">
  <testcase classname="rahulsony.tests.StandAloneTest" name="testCaseData" time="16.666"/>
  <testcase classname="rahulsony.tests.StandAloneTest" name="testCaseData" time="13.604"/>
  <testcase classname="rahulsony.tests.SubmitTest" name="SubmitOrder" time="9.328"/>
  <testcase classname="rahulsony.tests.SubmitTest" name="SubmitOrder" time="9.539"/>
  <testcase classname="rahulsony.tests.SubmitTest" name="orderHistory" time="6.786"/>
  <testcase classname="rahulsony.tests.SubmitTest" name="orderHistory" time="6.863"/>
  <testcase classname="rahulsony.tests.ErrorValidationTest" name="LoginErrorValidation" time="0.813"/>
  <testcase classname="rahulsony.tests.ErrorValidationTest" name="ProductErrorValidation" time="3.456"/>
</testsuite> <!-- Test -->
