<?xml version="1.0" encoding="UTF-8"?>
<!-- Generated by org.testng.reporters.JUnitXMLReporter -->
<testsuite ignored="0" hostname="Rahul-Sony" failures="0" tests="8" name="Command line test" time="108.135" errors="0" timestamp="2022-12-26T08:31:56 IST">
  <testcase classname="rahulsony.tests.ErrorValidationTest" name="LoginErrorValidation" time="0.834"/>
  <testcase classname="rahulsony.tests.ErrorValidationTest" name="ProductErrorValidation" time="3.553"/>
  <testcase classname="rahulsony.tests.StandAloneTest" name="testCaseData" time="14.329"/>
  <testcase classname="rahulsony.tests.StandAloneTest" name="testCaseData" time="14.57"/>
  <testcase classname="rahulsony.tests.SubmitTest" name="SubmitOrder" time="9.724"/>
  <testcase classname="rahulsony.tests.SubmitTest" name="SubmitOrder" time="10.027"/>
  <testcase classname="rahulsony.tests.SubmitTest" name="orderHistory" time="6.936"/>
  <testcase classname="rahulsony.tests.SubmitTest" name="orderHistory" time="7.031"/>
</testsuite> <!-- Command line test -->
