<?xml version="1.0" encoding="UTF-8"?>
<!-- Generated by org.testng.reporters.JUnitXMLReporter -->
<testsuite ignored="0" hostname="Rahul-Sony" failures="0" tests="2" name="Error Validation Test" time="28.861" errors="0" timestamp="2022-12-25T13:18:18 IST">
  <testcase classname="rahulsony.tests.ErrorValidationTest" name="LoginErrorValidation" time="1.571"/>
  <testcase classname="rahulsony.tests.ErrorValidationTest" name="ProductErrorValidation" time="3.471"/>
</testsuite> <!-- Error Validation Test -->
