<?xml version="1.0" encoding="UTF-8"?>
<!-- Generated by org.testng.reporters.JUnitXMLReporter -->
<testsuite ignored="0" hostname="Rahul-Sony" failures="0" tests="4" name="Submit Order Test" time="67.016" errors="0" timestamp="2022-12-25T13:18:56 IST">
  <testcase classname="rahulsony.tests.SubmitTest" name="SubmitOrder" time="11.071"/>
  <testcase classname="rahulsony.tests.SubmitTest" name="SubmitOrder" time="9.653"/>
  <testcase classname="rahulsony.tests.SubmitTest" name="orderHistory" time="6.943"/>
  <testcase classname="rahulsony.tests.SubmitTest" name="orderHistory" time="6.931"/>
</testsuite> <!-- Submit Order Test -->
