<?xml version="1.0" encoding="UTF-8"?>
<testng-results ignored="0" total="8" passed="8" failed="0" skipped="0">
  <reporter-output>
  </reporter-output>
  <suite started-at="2022-12-26T08:30:08 IST" name="Command line suite" finished-at="2022-12-26T08:31:56 IST" duration-ms="108135">
    <groups>
      <group name="ErrorHandling">
        <method signature="ErrorValidationTest.LoginErrorValidation()[pri:0, instance:rahulsony.tests.ErrorValidationTest@26275bef]" name="LoginErrorValidation" class="rahulsony.tests.ErrorValidationTest"/>
      </group> <!-- ErrorHandling -->
      <group name="Purchase">
        <method signature="SubmitTest.SubmitOrder(java.util.HashMap)[pri:0, instance:rahulsony.tests.SubmitTest@2a7f1f10]" name="SubmitOrder" class="rahulsony.tests.SubmitTest"/>
      </group> <!-- Purchase -->
    </groups>
    <test started-at="2022-12-26T08:30:08 IST" name="Command line test" finished-at="2022-12-26T08:31:56 IST" duration-ms="108135">
      <class name="rahulsony.tests.ErrorValidationTest">
        <test-method is-config="true" signature="launchApplication()[pri:0, instance:rahulsony.tests.ErrorValidationTest@26275bef]" started-at="2022-12-26T08:30:08 IST" name="launchApplication" finished-at="2022-12-26T08:30:18 IST" duration-ms="9408" status="PASS">
          <reporter-output>
          </reporter-output>
        </test-method> <!-- launchApplication -->
        <test-method signature="LoginErrorValidation()[pri:0, instance:rahulsony.tests.ErrorValidationTest@26275bef]" started-at="2022-12-26T08:30:18 IST" name="LoginErrorValidation" finished-at="2022-12-26T08:30:19 IST" duration-ms="834" status="PASS">
          <reporter-output>
          </reporter-output>
        </test-method> <!-- LoginErrorValidation -->
        <test-method is-config="true" signature="tearDown()[pri:0, instance:rahulsony.tests.ErrorValidationTest@26275bef]" started-at="2022-12-26T08:30:19 IST" name="tearDown" finished-at="2022-12-26T08:30:19 IST" duration-ms="702" status="PASS">
          <reporter-output>
          </reporter-output>
        </test-method> <!-- tearDown -->
        <test-method is-config="true" signature="launchApplication()[pri:0, instance:rahulsony.tests.ErrorValidationTest@26275bef]" started-at="2022-12-26T08:30:19 IST" name="launchApplication" finished-at="2022-12-26T08:30:25 IST" duration-ms="5606" status="PASS">
          <reporter-output>
          </reporter-output>
        </test-method> <!-- launchApplication -->
        <test-method signature="ProductErrorValidation()[pri:0, instance:rahulsony.tests.ErrorValidationTest@26275bef]" started-at="2022-12-26T08:30:25 IST" name="ProductErrorValidation" finished-at="2022-12-26T08:30:28 IST" duration-ms="3553" status="PASS">
          <reporter-output>
          </reporter-output>
        </test-method> <!-- ProductErrorValidation -->
        <test-method is-config="true" signature="tearDown()[pri:0, instance:rahulsony.tests.ErrorValidationTest@26275bef]" started-at="2022-12-26T08:30:28 IST" name="tearDown" finished-at="2022-12-26T08:30:29 IST" duration-ms="188" status="PASS">
          <reporter-output>
          </reporter-output>
        </test-method> <!-- tearDown -->
      </class> <!-- rahulsony.tests.ErrorValidationTest -->
      <class name="rahulsony.tests.StandAloneTest">
        <test-method is-config="true" signature="config()[pri:0, instance:rahulsony.tests.StandAloneTest@2e385cce]" started-at="2022-12-26T08:30:08 IST" name="config" finished-at="2022-12-26T08:30:08 IST" duration-ms="537" status="PASS">
          <reporter-output>
          </reporter-output>
        </test-method> <!-- config -->
        <test-method signature="testCaseData(java.lang.String,java.lang.String,java.lang.String)[pri:0, instance:rahulsony.tests.StandAloneTest@2e385cce]" started-at="2022-12-26T08:30:30 IST" name="testCaseData" data-provider="driveTest" finished-at="2022-12-26T08:30:44 IST" duration-ms="14329" status="PASS">
          <params>
            <param index="0">
              <value>
                <![CDATA[rahulsony@gmail.com]]>
              </value>
            </param>
            <param index="1">
              <value>
                <![CDATA[Abcd@123]]>
              </value>
            </param>
            <param index="2">
              <value>
                <![CDATA[ZARA COAT 3]]>
              </value>
            </param>
          </params>
          <reporter-output>
          </reporter-output>
        </test-method> <!-- testCaseData -->
        <test-method signature="testCaseData(java.lang.String,java.lang.String,java.lang.String)[pri:0, instance:rahulsony.tests.StandAloneTest@2e385cce]" started-at="2022-12-26T08:30:44 IST" name="testCaseData" data-provider="driveTest" finished-at="2022-12-26T08:30:59 IST" duration-ms="14570" status="PASS">
          <params>
            <param index="0">
              <value>
                <![CDATA[abcdxyz@gmail.com]]>
              </value>
            </param>
            <param index="1">
              <value>
                <![CDATA[Abcd@123]]>
              </value>
            </param>
            <param index="2">
              <value>
                <![CDATA[ADIDAS ORIGINAL]]>
              </value>
            </param>
          </params>
          <reporter-output>
          </reporter-output>
        </test-method> <!-- testCaseData -->
      </class> <!-- rahulsony.tests.StandAloneTest -->
      <class name="rahulsony.tests.SubmitTest">
        <test-method is-config="true" signature="launchApplication()[pri:0, instance:rahulsony.tests.SubmitTest@2a7f1f10]" started-at="2022-12-26T08:30:59 IST" name="launchApplication" finished-at="2022-12-26T08:31:05 IST" duration-ms="5675" status="PASS">
          <reporter-output>
          </reporter-output>
        </test-method> <!-- launchApplication -->
        <test-method signature="SubmitOrder(java.util.HashMap)[pri:0, instance:rahulsony.tests.SubmitTest@2a7f1f10]" started-at="2022-12-26T08:31:05 IST" name="SubmitOrder" data-provider="driveTest" finished-at="2022-12-26T08:31:15 IST" duration-ms="9724" status="PASS">
          <params>
            <param index="0">
              <value>
                <![CDATA[{productname=ZARA COAT 3, password=Abcd@123, email=rahulsony@gmail.com}]]>
              </value>
            </param>
          </params>
          <reporter-output>
          </reporter-output>
        </test-method> <!-- SubmitOrder -->
        <test-method is-config="true" signature="tearDown()[pri:0, instance:rahulsony.tests.SubmitTest@2a7f1f10]" started-at="2022-12-26T08:31:15 IST" name="tearDown" finished-at="2022-12-26T08:31:15 IST" duration-ms="238" status="PASS">
          <reporter-output>
          </reporter-output>
        </test-method> <!-- tearDown -->
        <test-method is-config="true" signature="launchApplication()[pri:0, instance:rahulsony.tests.SubmitTest@2a7f1f10]" started-at="2022-12-26T08:31:15 IST" name="launchApplication" finished-at="2022-12-26T08:31:19 IST" duration-ms="4693" status="PASS">
          <reporter-output>
          </reporter-output>
        </test-method> <!-- launchApplication -->
        <test-method signature="SubmitOrder(java.util.HashMap)[pri:0, instance:rahulsony.tests.SubmitTest@2a7f1f10]" started-at="2022-12-26T08:31:19 IST" name="SubmitOrder" data-provider="driveTest" finished-at="2022-12-26T08:31:29 IST" duration-ms="10027" status="PASS">
          <params>
            <param index="0">
              <value>
                <![CDATA[{productname=ADIDAS ORIGINAL, password=Abcd@123, email=abcdxyz@gmail.com}]]>
              </value>
            </param>
          </params>
          <reporter-output>
          </reporter-output>
        </test-method> <!-- SubmitOrder -->
        <test-method is-config="true" signature="tearDown()[pri:0, instance:rahulsony.tests.SubmitTest@2a7f1f10]" started-at="2022-12-26T08:31:29 IST" name="tearDown" finished-at="2022-12-26T08:31:30 IST" duration-ms="176" status="PASS">
          <reporter-output>
          </reporter-output>
        </test-method> <!-- tearDown -->
        <test-method is-config="true" signature="launchApplication()[pri:0, instance:rahulsony.tests.SubmitTest@2a7f1f10]" started-at="2022-12-26T08:31:30 IST" name="launchApplication" finished-at="2022-12-26T08:31:36 IST" duration-ms="5944" status="PASS">
          <reporter-output>
          </reporter-output>
        </test-method> <!-- launchApplication -->
        <test-method signature="orderHistory(java.util.HashMap)[pri:0, instance:rahulsony.tests.SubmitTest@2a7f1f10]" started-at="2022-12-26T08:31:36 IST" name="orderHistory" data-provider="driveTest" finished-at="2022-12-26T08:31:43 IST" depends-on-methods="rahulsony.tests.SubmitTest.SubmitOrder" duration-ms="6936" status="PASS">
          <params>
            <param index="0">
              <value>
                <![CDATA[{productname=ZARA COAT 3, password=Abcd@123, email=rahulsony@gmail.com}]]>
              </value>
            </param>
          </params>
          <reporter-output>
          </reporter-output>
        </test-method> <!-- orderHistory -->
        <test-method is-config="true" signature="tearDown()[pri:0, instance:rahulsony.tests.SubmitTest@2a7f1f10]" started-at="2022-12-26T08:31:43 IST" name="tearDown" finished-at="2022-12-26T08:31:43 IST" duration-ms="144" status="PASS">
          <reporter-output>
          </reporter-output>
        </test-method> <!-- tearDown -->
        <test-method is-config="true" signature="launchApplication()[pri:0, instance:rahulsony.tests.SubmitTest@2a7f1f10]" started-at="2022-12-26T08:31:43 IST" name="launchApplication" finished-at="2022-12-26T08:31:49 IST" duration-ms="5945" status="PASS">
          <reporter-output>
          </reporter-output>
        </test-method> <!-- launchApplication -->
        <test-method signature="orderHistory(java.util.HashMap)[pri:0, instance:rahulsony.tests.SubmitTest@2a7f1f10]" started-at="2022-12-26T08:31:49 IST" name="orderHistory" data-provider="driveTest" finished-at="2022-12-26T08:31:56 IST" depends-on-methods="rahulsony.tests.SubmitTest.SubmitOrder" duration-ms="7031" status="PASS">
          <params>
            <param index="0">
              <value>
                <![CDATA[{productname=ADIDAS ORIGINAL, password=Abcd@123, email=abcdxyz@gmail.com}]]>
              </value>
            </param>
          </params>
          <reporter-output>
          </reporter-output>
        </test-method> <!-- orderHistory -->
        <test-method is-config="true" signature="tearDown()[pri:0, instance:rahulsony.tests.SubmitTest@2a7f1f10]" started-at="2022-12-26T08:31:56 IST" name="tearDown" finished-at="2022-12-26T08:31:56 IST" duration-ms="133" status="PASS">
          <reporter-output>
          </reporter-output>
        </test-method> <!-- tearDown -->
      </class> <!-- rahulsony.tests.SubmitTest -->
    </test> <!-- Command line test -->
  </suite> <!-- Command line suite -->
</testng-results>
