<?xml version="1.0" encoding="UTF-8"?>
<testng-results ignored="0" total="4" passed="4" failed="0" skipped="0">
  <reporter-output>
  </reporter-output>
  <suite started-at="2023-07-17T16:27:19 IST" name="Default suite" finished-at="2023-07-17T16:28:29 IST" duration-ms="70094">
    <groups>
      <group name="Purchase">
        <method signature="SubmitTest.SubmitOrder(java.util.HashMap)[pri:0, instance:rahulsony.tests.SubmitTest@4be29ed9]" name="SubmitOrder" class="rahulsony.tests.SubmitTest"/>
      </group> <!-- Purchase -->
    </groups>
    <test started-at="2023-07-17T16:27:19 IST" name="Default test" finished-at="2023-07-17T16:28:29 IST" duration-ms="70094">
      <class name="rahulsony.tests.SubmitTest">
        <test-method is-config="true" signature="launchApplication()[pri:0, instance:rahulsony.tests.SubmitTest@4be29ed9]" started-at="2023-07-17T16:27:19 IST" name="launchApplication" finished-at="2023-07-17T16:27:31 IST" duration-ms="11102" status="PASS">
          <reporter-output>
          </reporter-output>
        </test-method> <!-- launchApplication -->
        <test-method signature="SubmitOrder(java.util.HashMap)[pri:0, instance:rahulsony.tests.SubmitTest@4be29ed9]" started-at="2023-07-17T16:27:31 IST" name="SubmitOrder" data-provider="driveTest" finished-at="2023-07-17T16:27:41 IST" duration-ms="10181" status="PASS">
          <params>
            <param index="0">
              <value>
                <![CDATA[{productname=ZARA COAT 3, password=Abcd@123, email=rahulsony@gmail.com}]]>
              </value>
            </param>
          </params>
          <reporter-output>
          </reporter-output>
        </test-method> <!-- SubmitOrder -->
        <test-method is-config="true" signature="tearDown()[pri:0, instance:rahulsony.tests.SubmitTest@4be29ed9]" started-at="2023-07-17T16:27:41 IST" name="tearDown" finished-at="2023-07-17T16:27:41 IST" duration-ms="246" status="PASS">
          <reporter-output>
          </reporter-output>
        </test-method> <!-- tearDown -->
        <test-method is-config="true" signature="launchApplication()[pri:0, instance:rahulsony.tests.SubmitTest@4be29ed9]" started-at="2023-07-17T16:27:41 IST" name="launchApplication" finished-at="2023-07-17T16:27:49 IST" duration-ms="7952" status="PASS">
          <reporter-output>
          </reporter-output>
        </test-method> <!-- launchApplication -->
        <test-method signature="SubmitOrder(java.util.HashMap)[pri:0, instance:rahulsony.tests.SubmitTest@4be29ed9]" started-at="2023-07-17T16:27:49 IST" name="SubmitOrder" data-provider="driveTest" finished-at="2023-07-17T16:27:59 IST" duration-ms="9754" status="PASS">
          <params>
            <param index="0">
              <value>
                <![CDATA[{productname=ADIDAS ORIGINAL, password=Abcd@123, email=abcdxyz@gmail.com}]]>
              </value>
            </param>
          </params>
          <reporter-output>
          </reporter-output>
        </test-method> <!-- SubmitOrder -->
        <test-method is-config="true" signature="tearDown()[pri:0, instance:rahulsony.tests.SubmitTest@4be29ed9]" started-at="2023-07-17T16:27:59 IST" name="tearDown" finished-at="2023-07-17T16:27:59 IST" duration-ms="260" status="PASS">
          <reporter-output>
          </reporter-output>
        </test-method> <!-- tearDown -->
        <test-method is-config="true" signature="launchApplication()[pri:0, instance:rahulsony.tests.SubmitTest@4be29ed9]" started-at="2023-07-17T16:27:59 IST" name="launchApplication" finished-at="2023-07-17T16:28:07 IST" duration-ms="7792" status="PASS">
          <reporter-output>
          </reporter-output>
        </test-method> <!-- launchApplication -->
        <test-method signature="orderHistory(java.util.HashMap)[pri:0, instance:rahulsony.tests.SubmitTest@4be29ed9]" started-at="2023-07-17T16:28:07 IST" name="orderHistory" data-provider="driveTest" finished-at="2023-07-17T16:28:14 IST" depends-on-methods="rahulsony.tests.SubmitTest.SubmitOrder" duration-ms="6981" status="PASS">
          <params>
            <param index="0">
              <value>
                <![CDATA[{productname=ZARA COAT 3, password=Abcd@123, email=rahulsony@gmail.com}]]>
              </value>
            </param>
          </params>
          <reporter-output>
          </reporter-output>
        </test-method> <!-- orderHistory -->
        <test-method is-config="true" signature="tearDown()[pri:0, instance:rahulsony.tests.SubmitTest@4be29ed9]" started-at="2023-07-17T16:28:14 IST" name="tearDown" finished-at="2023-07-17T16:28:14 IST" duration-ms="190" status="PASS">
          <reporter-output>
          </reporter-output>
        </test-method> <!-- tearDown -->
        <test-method is-config="true" signature="launchApplication()[pri:0, instance:rahulsony.tests.SubmitTest@4be29ed9]" started-at="2023-07-17T16:28:14 IST" name="launchApplication" finished-at="2023-07-17T16:28:22 IST" duration-ms="7599" status="PASS">
          <reporter-output>
          </reporter-output>
        </test-method> <!-- launchApplication -->
        <test-method signature="orderHistory(java.util.HashMap)[pri:0, instance:rahulsony.tests.SubmitTest@4be29ed9]" started-at="2023-07-17T16:28:22 IST" name="orderHistory" data-provider="driveTest" finished-at="2023-07-17T16:28:29 IST" depends-on-methods="rahulsony.tests.SubmitTest.SubmitOrder" duration-ms="7087" status="PASS">
          <params>
            <param index="0">
              <value>
                <![CDATA[{productname=ADIDAS ORIGINAL, password=Abcd@123, email=abcdxyz@gmail.com}]]>
              </value>
            </param>
          </params>
          <reporter-output>
          </reporter-output>
        </test-method> <!-- orderHistory -->
        <test-method is-config="true" signature="tearDown()[pri:0, instance:rahulsony.tests.SubmitTest@4be29ed9]" started-at="2023-07-17T16:28:29 IST" name="tearDown" finished-at="2023-07-17T16:28:29 IST" duration-ms="194" status="PASS">
          <reporter-output>
          </reporter-output>
        </test-method> <!-- tearDown -->
      </class> <!-- rahulsony.tests.SubmitTest -->
    </test> <!-- Default test -->
  </suite> <!-- Default suite -->
</testng-results>
